<?xml version="1.0" encoding="UTF-8"?>
<testsuite name="com.bigeyedata.morttest.RunCukesTest" tests="0" skipped="0" failures="0" errors="0" timestamp="1970-01-01T00:00:00" hostname="Yings-MacBook-Pro.local" time="0.0">
  <properties/>
  <system-out><![CDATA[Feature: User login
  as a user, I want to login Mort Web

  Scenario: Login with user name and password ?[90m# UserLogin.feature:4?[0m
    ?[32mGiven ?[0m?[32mI open Mort Web?[0m                     ?[90m# UserLoginSteps.i_open_mort_web()?[0m
    ?[32mWhen ?[0m?[32mI input user name and password?[0m       ?[90m# UserLoginSteps.i_input_user_name()?[0m
    ?[32mAnd ?[0m?[32mI click login button?[0m                  ?[90m# UserLoginSteps.i_click_login_button()?[0m
    ?[32mThen ?[0m?[32mI should login successfully?[0m          ?[90m# UserLoginSteps.i_should_login_successfully()?[0m
Feature: Search in Baidu
when: "Selenium"
Then

  Scenario: Search Selenium in Baidu              ?[90m# test.feature:3?[0m
    ?[32mGiven ?[0m?[32mI open the Baidu website?[0m                ?[90m# testStep.i_open_the_Baidu_website()?[0m
    ?[32mWhen ?[0m?[32mI search ?[0m?[32m?[1m"Selenium"?[0m?[32m in Baidu?[0m             ?[90m# testStep.i_search_in_Baidu(String)?[0m
    ?[32mThen ?[0m?[32mI should see the search result displayed?[0m ?[90m# testStep.i_should_see_the_search_result_displayed()?[0m

2 Scenarios (?[32m2 passed?[0m)
7 Steps (?[32m7 passed?[0m)
0m6.261s

]]></system-out>
  <system-err><![CDATA[]]></system-err>
</testsuite>
