<?xml version="1.0" encoding="UTF-8"?>
<testsuite name="Scenario: Search Selenium in Baidu" tests="4" skipped="0" failures="0" errors="0" timestamp="2017-05-08T05:17:37" hostname="Yings-MacBook-Pro.local" time="0.007">
  <properties/>
  <testcase name="Given I open the Baidu website" classname="Scenario: Search Selenium in Baidu" time="0.0"/>
  <testcase name="When I search &quot;Selenium&quot; in Baidu" classname="Scenario: Search Selenium in Baidu" time="0.0"/>
  <testcase name="Then I should see the search result displayed" classname="Scenario: Search Selenium in Baidu" time="0.0"/>
  <testcase name="classMethod" classname="Scenario: Search Selenium in Baidu" time="0.01"/>
  <system-out><![CDATA[Given
]]></system-out>
  <system-err><![CDATA[]]></system-err>
</testsuite>
