<?xml version="1.0" encoding="UTF-8"?>
<testsuite name="Scenario: Login with user name and password" tests="5" skipped="0" failures="0" errors="0" timestamp="2017-05-08T05:17:37" hostname="Yings-MacBook-Pro.local" time="0.88">
  <properties/>
  <testcase name="Given I open Mort Web" classname="Scenario: Login with user name and password" time="0.0"/>
  <testcase name="When I input user name and password" classname="Scenario: Login with user name and password" time="0.0"/>
  <testcase name="And I click login button" classname="Scenario: Login with user name and password" time="0.0"/>
  <testcase name="Then I should login successfully" classname="Scenario: Login with user name and password" time="0.0"/>
  <testcase name="classMethod" classname="Scenario: Login with user name and password" time="6.276"/>
  <system-out><![CDATA[]]></system-out>
  <system-err><![CDATA[Starting ChromeDriver 2.25.426935 (820a95b0b81d33e42712f9198c215f703412e1a1) on port 7222
Only local connections are allowed.
May 08, 2017 1:17:33 PM org.openqa.selenium.remote.ProtocolHandshake createSession
INFO: Detected dialect: OSS
]]></system-err>
</testsuite>
